C:\MY WORK\WorkSpace\Git\swu\Swu.Portal.Web\Scripts\_references.js
C:\MY WORK\WorkSpace\Git\swu\Swu.Portal.Web\Scripts\app\app.js
C:\MY WORK\WorkSpace\Git\swu\Swu.Portal.Web\Scripts\app\app_routing.js
C:\MY WORK\WorkSpace\Git\swu\Swu.Portal.Web\Scripts\app\alumni\app_routing.js
C:\MY WORK\WorkSpace\Git\swu\Swu.Portal.Web\Scripts\app\alumni\controller\AlumniByYearController.js
C:\MY WORK\WorkSpace\Git\swu\Swu.Portal.Web\Scripts\app\alumni\controller\AlumniController.js
C:\MY WORK\WorkSpace\Git\swu\Swu.Portal.Web\Scripts\app\alumni\service\alumniService.js
C:\MY WORK\WorkSpace\Git\swu\Swu.Portal.Web\Scripts\app\board\app_routing.js
C:\MY WORK\WorkSpace\Git\swu\Swu.Portal.Web\Scripts\app\board\controller\CourseBoardController.js
C:\MY WORK\WorkSpace\Git\swu\Swu.Portal.Web\Scripts\app\board\controller\ForumModalController.js
C:\MY WORK\WorkSpace\Git\swu\Swu.Portal.Web\Scripts\app\board\controller\GeneralBoardController.js
C:\MY WORK\WorkSpace\Git\swu\Swu.Portal.Web\Scripts\app\board\controller\ResearchBoardController.js
C:\MY WORK\WorkSpace\Git\swu\Swu.Portal.Web\Scripts\app\board\controller\ResearchModalController.js
C:\MY WORK\WorkSpace\Git\swu\Swu.Portal.Web\Scripts\app\board\controller\WebBoardController.js
C:\MY WORK\WorkSpace\Git\swu\Swu.Portal.Web\Scripts\app\board\service\webboardService.js
C:\MY WORK\WorkSpace\Git\swu\Swu.Portal.Web\Scripts\app\committee\app_routing.js
C:\MY WORK\WorkSpace\Git\swu\Swu.Portal.Web\Scripts\app\committee\controller\CommitteeController.js
C:\MY WORK\WorkSpace\Git\swu\Swu.Portal.Web\Scripts\app\committee\service\committeeService.js
C:\MY WORK\WorkSpace\Git\swu\Swu.Portal.Web\Scripts\app\contact\app_routing.js
C:\MY WORK\WorkSpace\Git\swu\Swu.Portal.Web\Scripts\app\contact\controller\ContactUsController.js
C:\MY WORK\WorkSpace\Git\swu\Swu.Portal.Web\Scripts\app\contact\service\contractService.js
C:\MY WORK\WorkSpace\Git\swu\Swu.Portal.Web\Scripts\app\core\angular-experimental.js
C:\MY WORK\WorkSpace\Git\swu\Swu.Portal.Web\Scripts\app\core\angular-ngAnnotations.js
C:\MY WORK\WorkSpace\Git\swu\Swu.Portal.Web\Scripts\app\core\apiServices.js
C:\MY WORK\WorkSpace\Git\swu\Swu.Portal.Web\Scripts\app\course\app_routing.js
C:\MY WORK\WorkSpace\Git\swu\Swu.Portal.Web\Scripts\app\course\controller\CourseController.js
C:\MY WORK\WorkSpace\Git\swu\Swu.Portal.Web\Scripts\app\course\controller\CourseListController.js
C:\MY WORK\WorkSpace\Git\swu\Swu.Portal.Web\Scripts\app\course\controller\CurriculumModalController.js
C:\MY WORK\WorkSpace\Git\swu\Swu.Portal.Web\Scripts\app\course\controller\HandoutModalController.js
C:\MY WORK\WorkSpace\Git\swu\Swu.Portal.Web\Scripts\app\course\controller\PhotoModalController.js
C:\MY WORK\WorkSpace\Git\swu\Swu.Portal.Web\Scripts\app\course\controller\QuizeResultController.js
C:\MY WORK\WorkSpace\Git\swu\Swu.Portal.Web\Scripts\app\course\model\courseAllDetail.js
C:\MY WORK\WorkSpace\Git\swu\Swu.Portal.Web\Scripts\app\course\service\courseService.js
C:\MY WORK\WorkSpace\Git\swu\Swu.Portal.Web\Scripts\app\faq\app_routing.js
C:\MY WORK\WorkSpace\Git\swu\Swu.Portal.Web\Scripts\app\forum\app_routing.js
C:\MY WORK\WorkSpace\Git\swu\Swu.Portal.Web\Scripts\app\forum\controller\CommentModalController.js
C:\MY WORK\WorkSpace\Git\swu\Swu.Portal.Web\Scripts\app\forum\controller\ForumController.js
C:\MY WORK\WorkSpace\Git\swu\Swu.Portal.Web\Scripts\app\forum\service\forumService.js
C:\MY WORK\WorkSpace\Git\swu\Swu.Portal.Web\Scripts\app\home\app_routing.js
C:\MY WORK\WorkSpace\Git\swu\Swu.Portal.Web\Scripts\app\home\controller\AlbumController.js
C:\MY WORK\WorkSpace\Git\swu\Swu.Portal.Web\Scripts\app\home\controller\AlbumModalController.js
C:\MY WORK\WorkSpace\Git\swu\Swu.Portal.Web\Scripts\app\home\controller\CommitmentController.js
C:\MY WORK\WorkSpace\Git\swu\Swu.Portal.Web\Scripts\app\home\controller\EventController.js
C:\MY WORK\WorkSpace\Git\swu\Swu.Portal.Web\Scripts\app\home\controller\ExamRegistrationController.js
C:\MY WORK\WorkSpace\Git\swu\Swu.Portal.Web\Scripts\app\home\controller\FooterController.js
C:\MY WORK\WorkSpace\Git\swu\Swu.Portal.Web\Scripts\app\home\controller\HomeController.js
C:\MY WORK\WorkSpace\Git\swu\Swu.Portal.Web\Scripts\app\home\controller\HomeCourseController.js
C:\MY WORK\WorkSpace\Git\swu\Swu.Portal.Web\Scripts\app\home\controller\MainController.js
C:\MY WORK\WorkSpace\Git\swu\Swu.Portal.Web\Scripts\app\home\controller\MainSliderController.js
C:\MY WORK\WorkSpace\Git\swu\Swu.Portal.Web\Scripts\app\home\controller\NewsController.js
C:\MY WORK\WorkSpace\Git\swu\Swu.Portal.Web\Scripts\app\home\controller\NewsDetailController.js
C:\MY WORK\WorkSpace\Git\swu\Swu.Portal.Web\Scripts\app\home\controller\VideoController.js
C:\MY WORK\WorkSpace\Git\swu\Swu.Portal.Web\Scripts\app\home\model\course-card.js
C:\MY WORK\WorkSpace\Git\swu\Swu.Portal.Web\Scripts\app\home\model\exam-clock.js
C:\MY WORK\WorkSpace\Git\swu\Swu.Portal.Web\Scripts\app\home\model\slider.js
C:\MY WORK\WorkSpace\Git\swu\Swu.Portal.Web\Scripts\app\home\service\albumService.js
C:\MY WORK\WorkSpace\Git\swu\Swu.Portal.Web\Scripts\app\home\service\commitmentService.js
C:\MY WORK\WorkSpace\Git\swu\Swu.Portal.Web\Scripts\app\home\service\eventService.js
C:\MY WORK\WorkSpace\Git\swu\Swu.Portal.Web\Scripts\app\home\service\examRegistrationService.js
C:\MY WORK\WorkSpace\Git\swu\Swu.Portal.Web\Scripts\app\home\service\homeCourseService.js
C:\MY WORK\WorkSpace\Git\swu\Swu.Portal.Web\Scripts\app\home\service\mainSliderService.js
C:\MY WORK\WorkSpace\Git\swu\Swu.Portal.Web\Scripts\app\home\service\newsService.js
C:\MY WORK\WorkSpace\Git\swu\Swu.Portal.Web\Scripts\app\home\service\videoService.js
C:\MY WORK\WorkSpace\Git\swu\Swu.Portal.Web\Scripts\app\login\controller\LoginController.js
C:\MY WORK\WorkSpace\Git\swu\Swu.Portal.Web\Scripts\app\login\services\AuthServices.js
C:\MY WORK\WorkSpace\Git\swu\Swu.Portal.Web\Scripts\app\menu\controller\NavController.js
C:\MY WORK\WorkSpace\Git\swu\Swu.Portal.Web\Scripts\app\photo\app_routing.js
C:\MY WORK\WorkSpace\Git\swu\Swu.Portal.Web\Scripts\app\photo\controller\PhotoController.js
C:\MY WORK\WorkSpace\Git\swu\Swu.Portal.Web\Scripts\app\qualification\app_routing.js
C:\MY WORK\WorkSpace\Git\swu\Swu.Portal.Web\Scripts\app\qualification\controller\QualificationController.js
C:\MY WORK\WorkSpace\Git\swu\Swu.Portal.Web\Scripts\app\research\app_routing.js
C:\MY WORK\WorkSpace\Git\swu\Swu.Portal.Web\Scripts\app\research\ResearchController.js
C:\MY WORK\WorkSpace\Git\swu\Swu.Portal.Web\Scripts\app\research\ResearchListController.js
C:\MY WORK\WorkSpace\Git\swu\Swu.Portal.Web\Scripts\app\settings\app_routing.js
C:\MY WORK\WorkSpace\Git\swu\Swu.Portal.Web\Scripts\app\settings\controller\AlbumManagementController.js
C:\MY WORK\WorkSpace\Git\swu\Swu.Portal.Web\Scripts\app\settings\controller\AlbumManagementModalController.js
C:\MY WORK\WorkSpace\Git\swu\Swu.Portal.Web\Scripts\app\settings\controller\AlumniManagementController.js
C:\MY WORK\WorkSpace\Git\swu\Swu.Portal.Web\Scripts\app\settings\controller\BannerManagementController.js
C:\MY WORK\WorkSpace\Git\swu\Swu.Portal.Web\Scripts\app\settings\controller\BannerManagementModalController.js
C:\MY WORK\WorkSpace\Git\swu\Swu.Portal.Web\Scripts\app\settings\controller\CategoryManagementController.js
C:\MY WORK\WorkSpace\Git\swu\Swu.Portal.Web\Scripts\app\settings\controller\CategoryMangementModalController.js
C:\MY WORK\WorkSpace\Git\swu\Swu.Portal.Web\Scripts\app\settings\controller\CourseManagementController.js
C:\MY WORK\WorkSpace\Git\swu\Swu.Portal.Web\Scripts\app\settings\controller\CourseManagementModalController.js
C:\MY WORK\WorkSpace\Git\swu\Swu.Portal.Web\Scripts\app\settings\controller\EventManagementController.js
C:\MY WORK\WorkSpace\Git\swu\Swu.Portal.Web\Scripts\app\settings\controller\EventManagementModalController.js
C:\MY WORK\WorkSpace\Git\swu\Swu.Portal.Web\Scripts\app\settings\controller\MainSettingController.js
C:\MY WORK\WorkSpace\Git\swu\Swu.Portal.Web\Scripts\app\settings\controller\NewsManagementController.js
C:\MY WORK\WorkSpace\Git\swu\Swu.Portal.Web\Scripts\app\settings\controller\NewsManagementModalController.js
C:\MY WORK\WorkSpace\Git\swu\Swu.Portal.Web\Scripts\app\settings\controller\PersonalFileModalController.js
C:\MY WORK\WorkSpace\Git\swu\Swu.Portal.Web\Scripts\app\settings\controller\ProfileController.js
C:\MY WORK\WorkSpace\Git\swu\Swu.Portal.Web\Scripts\app\settings\controller\ProfileModalController.js
C:\MY WORK\WorkSpace\Git\swu\Swu.Portal.Web\Scripts\app\settings\controller\UsersController.js
C:\MY WORK\WorkSpace\Git\swu\Swu.Portal.Web\Scripts\app\settings\controller\UsersModalController.js
C:\MY WORK\WorkSpace\Git\swu\Swu.Portal.Web\Scripts\app\settings\controller\VideoManagementController.js
C:\MY WORK\WorkSpace\Git\swu\Swu.Portal.Web\Scripts\app\settings\controller\VideoManagementModalController.js
C:\MY WORK\WorkSpace\Git\swu\Swu.Portal.Web\Scripts\app\settings\service\albumManagementService.js
C:\MY WORK\WorkSpace\Git\swu\Swu.Portal.Web\Scripts\app\settings\service\alumniManagementService.js
C:\MY WORK\WorkSpace\Git\swu\Swu.Portal.Web\Scripts\app\settings\service\bannerManagementService.js
C:\MY WORK\WorkSpace\Git\swu\Swu.Portal.Web\Scripts\app\settings\service\categoryManagementService.js
C:\MY WORK\WorkSpace\Git\swu\Swu.Portal.Web\Scripts\app\settings\service\courseManagementService.js
C:\MY WORK\WorkSpace\Git\swu\Swu.Portal.Web\Scripts\app\settings\service\eventManagementService.js
C:\MY WORK\WorkSpace\Git\swu\Swu.Portal.Web\Scripts\app\settings\service\newsManagementService.js
C:\MY WORK\WorkSpace\Git\swu\Swu.Portal.Web\Scripts\app\settings\service\profileService.js
C:\MY WORK\WorkSpace\Git\swu\Swu.Portal.Web\Scripts\app\settings\service\userService.js
C:\MY WORK\WorkSpace\Git\swu\Swu.Portal.Web\Scripts\app\settings\service\videoManagementService.js
C:\MY WORK\WorkSpace\Git\swu\Swu.Portal.Web\Scripts\app\teacher\app_routing.js
C:\MY WORK\WorkSpace\Git\swu\Swu.Portal.Web\Scripts\app\teacher\controller\TeacherController.js
C:\MY WORK\WorkSpace\Git\swu\Swu.Portal.Web\Scripts\app\teacher\controller\TeacherListController.js
C:\MY WORK\WorkSpace\Git\swu\Swu.Portal.Web\Scripts\app\teacher\service\teacherService.js
C:\MY WORK\WorkSpace\Git\swu\Swu.Portal.Web\Scripts\const\const.js
C:\MY WORK\WorkSpace\Git\swu\Swu.Portal.Web\Scripts\directive\fileUpload.js
C:\MY WORK\WorkSpace\Git\swu\Swu.Portal.Web\Scripts\directive\loginModal.js
C:\MY WORK\WorkSpace\Git\swu\Swu.Portal.Web\Scripts\filter\range.js
C:\MY WORK\WorkSpace\Git\swu\Swu.Portal.Web\Scripts\model\actionMode.js
C:\MY WORK\WorkSpace\Git\swu\Swu.Portal.Web\Scripts\model\alumni.js
C:\MY WORK\WorkSpace\Git\swu\Swu.Portal.Web\Scripts\model\baseControllerScope.js
C:\MY WORK\WorkSpace\Git\swu\Swu.Portal.Web\Scripts\model\baseUser.js
C:\MY WORK\WorkSpace\Git\swu\Swu.Portal.Web\Scripts\model\boardType.js
C:\MY WORK\WorkSpace\Git\swu\Swu.Portal.Web\Scripts\model\commitment.js
C:\MY WORK\WorkSpace\Git\swu\Swu.Portal.Web\Scripts\model\committee.js
C:\MY WORK\WorkSpace\Git\swu\Swu.Portal.Web\Scripts\model\contract.js
C:\MY WORK\WorkSpace\Git\swu\Swu.Portal.Web\Scripts\model\course.js
C:\MY WORK\WorkSpace\Git\swu\Swu.Portal.Web\Scripts\model\courseType.js
C:\MY WORK\WorkSpace\Git\swu\Swu.Portal.Web\Scripts\model\curriculumType.js
C:\MY WORK\WorkSpace\Git\swu\Swu.Portal.Web\Scripts\model\email.js
C:\MY WORK\WorkSpace\Git\swu\Swu.Portal.Web\Scripts\model\event.js
C:\MY WORK\WorkSpace\Git\swu\Swu.Portal.Web\Scripts\model\exam.js
C:\MY WORK\WorkSpace\Git\swu\Swu.Portal.Web\Scripts\model\forumAndComments.js
C:\MY WORK\WorkSpace\Git\swu\Swu.Portal.Web\Scripts\model\handout.js
C:\MY WORK\WorkSpace\Git\swu\Swu.Portal.Web\Scripts\model\HttpStatusCode.js
C:\MY WORK\WorkSpace\Git\swu\Swu.Portal.Web\Scripts\model\nameValue.js
C:\MY WORK\WorkSpace\Git\swu\Swu.Portal.Web\Scripts\model\news.js
C:\MY WORK\WorkSpace\Git\swu\Swu.Portal.Web\Scripts\model\photo.js
C:\MY WORK\WorkSpace\Git\swu\Swu.Portal.Web\Scripts\model\role.js
C:\MY WORK\WorkSpace\Git\swu\Swu.Portal.Web\Scripts\model\student.js
C:\MY WORK\WorkSpace\Git\swu\Swu.Portal.Web\Scripts\model\studentScore.js
C:\MY WORK\WorkSpace\Git\swu\Swu.Portal.Web\Scripts\model\teacher.js
C:\MY WORK\WorkSpace\Git\swu\Swu.Portal.Web\Scripts\model\userLogin.js
C:\MY WORK\WorkSpace\Git\swu\Swu.Portal.Web\Scripts\model\userProfile.js
C:\MY WORK\WorkSpace\Git\swu\Swu.Portal.Web\Scripts\model\video.js
C:\MY WORK\WorkSpace\Git\swu\Swu.Portal.Web\Scripts\translate\translations.en.js
C:\MY WORK\WorkSpace\Git\swu\Swu.Portal.Web\Scripts\translate\translations.th.js
